<?xml version="1.0" encoding="UTF-8"?>
<testsuite name="org.generation.productweb.ProductwebApplicationTests" tests="1" skipped="0" failures="0" errors="0" timestamp="2021-06-01T07:31:03" hostname="MacBookPros-MBP" time="0.272">
  <properties/>
  <testcase name="contextLoads()" classname="org.generation.productweb.ProductwebApplicationTests" time="0.272"/>
  <system-out><![CDATA[15:30:53.474 [Test worker] DEBUG org.springframework.test.context.BootstrapUtils - Instantiating CacheAwareContextLoaderDelegate from class [org.springframework.test.context.cache.DefaultCacheAwareContextLoaderDelegate]
15:30:53.492 [Test worker] DEBUG org.springframework.test.context.BootstrapUtils - Instantiating BootstrapContext using constructor [public org.springframework.test.context.support.DefaultBootstrapContext(java.lang.Class,org.springframework.test.context.CacheAwareContextLoaderDelegate)]
15:30:53.551 [Test worker] DEBUG org.springframework.test.context.BootstrapUtils - Instantiating TestContextBootstrapper for test class [org.generation.productweb.ProductwebApplicationTests] from class [org.springframework.boot.test.context.SpringBootTestContextBootstrapper]
15:30:53.574 [Test worker] INFO org.springframework.boot.test.context.SpringBootTestContextBootstrapper - Neither @ContextConfiguration nor @ContextHierarchy found for test class [org.generation.productweb.ProductwebApplicationTests], using SpringBootContextLoader
15:30:53.579 [Test worker] DEBUG org.springframework.test.context.support.AbstractContextLoader - Did not detect default resource location for test class [org.generation.productweb.ProductwebApplicationTests]: class path resource [org/generation/productweb/ProductwebApplicationTests-context.xml] does not exist
15:30:53.581 [Test worker] DEBUG org.springframework.test.context.support.AbstractContextLoader - Did not detect default resource location for test class [org.generation.productweb.ProductwebApplicationTests]: class path resource [org/generation/productweb/ProductwebApplicationTestsContext.groovy] does not exist
15:30:53.581 [Test worker] INFO org.springframework.test.context.support.AbstractContextLoader - Could not detect default resource locations for test class [org.generation.productweb.ProductwebApplicationTests]: no resource found for suffixes {-context.xml, Context.groovy}.
15:30:53.583 [Test worker] INFO org.springframework.test.context.support.AnnotationConfigContextLoaderUtils - Could not detect default configuration classes for test class [org.generation.productweb.ProductwebApplicationTests]: ProductwebApplicationTests does not declare any static, non-private, non-final, nested classes annotated with @Configuration.
15:30:53.672 [Test worker] DEBUG org.springframework.test.context.support.ActiveProfilesUtils - Could not find an 'annotation declaring class' for annotation type [org.springframework.test.context.ActiveProfiles] and class [org.generation.productweb.ProductwebApplicationTests]
15:30:53.748 [Test worker] DEBUG org.springframework.context.annotation.ClassPathScanningCandidateComponentProvider - Identified candidate component class: file [/Users/User/Desktop/productweb/build/classes/java/main/org/generation/productweb/ProductwebApplication.class]
15:30:53.750 [Test worker] INFO org.springframework.boot.test.context.SpringBootTestContextBootstrapper - Found @SpringBootConfiguration org.generation.productweb.ProductwebApplication for test class org.generation.productweb.ProductwebApplicationTests
15:30:53.902 [Test worker] DEBUG org.springframework.boot.test.context.SpringBootTestContextBootstrapper - @TestExecutionListeners is not present for class [org.generation.productweb.ProductwebApplicationTests]: using defaults.
15:30:53.903 [Test worker] INFO org.springframework.boot.test.context.SpringBootTestContextBootstrapper - Loaded default TestExecutionListener class names from location [META-INF/spring.factories]: [org.springframework.boot.test.autoconfigure.restdocs.RestDocsTestExecutionListener, org.springframework.boot.test.autoconfigure.web.client.MockRestServiceServerResetTestExecutionListener, org.springframework.boot.test.autoconfigure.web.servlet.MockMvcPrintOnlyOnFailureTestExecutionListener, org.springframework.boot.test.autoconfigure.web.servlet.WebDriverTestExecutionListener, org.springframework.boot.test.autoconfigure.webservices.client.MockWebServiceServerTestExecutionListener, org.springframework.boot.test.mock.mockito.MockitoTestExecutionListener, org.springframework.boot.test.mock.mockito.ResetMocksTestExecutionListener, org.springframework.test.context.web.ServletTestExecutionListener, org.springframework.test.context.support.DirtiesContextBeforeModesTestExecutionListener, org.springframework.test.context.event.ApplicationEventsTestExecutionListener, org.springframework.test.context.support.DependencyInjectionTestExecutionListener, org.springframework.test.context.support.DirtiesContextTestExecutionListener, org.springframework.test.context.transaction.TransactionalTestExecutionListener, org.springframework.test.context.jdbc.SqlScriptsTestExecutionListener, org.springframework.test.context.event.EventPublishingTestExecutionListener]
15:30:53.940 [Test worker] INFO org.springframework.boot.test.context.SpringBootTestContextBootstrapper - Using TestExecutionListeners: [org.springframework.test.context.web.ServletTestExecutionListener@534f44e8, org.springframework.test.context.support.DirtiesContextBeforeModesTestExecutionListener@1df298de, org.springframework.test.context.event.ApplicationEventsTestExecutionListener@65010994, org.springframework.boot.test.mock.mockito.MockitoTestExecutionListener@40aa6e89, org.springframework.boot.test.autoconfigure.SpringBootDependencyInjectionTestExecutionListener@69eb1a70, org.springframework.test.context.support.DirtiesContextTestExecutionListener@60565bfb, org.springframework.test.context.transaction.TransactionalTestExecutionListener@d76b3cc, org.springframework.test.context.jdbc.SqlScriptsTestExecutionListener@1e3b4acd, org.springframework.test.context.event.EventPublishingTestExecutionListener@2fb2fbe0, org.springframework.boot.test.autoconfigure.restdocs.RestDocsTestExecutionListener@7de9f46e, org.springframework.boot.test.autoconfigure.web.client.MockRestServiceServerResetTestExecutionListener@45b9d0cc, org.springframework.boot.test.autoconfigure.web.servlet.MockMvcPrintOnlyOnFailureTestExecutionListener@1909794, org.springframework.boot.test.autoconfigure.web.servlet.WebDriverTestExecutionListener@394501bd, org.springframework.boot.test.autoconfigure.webservices.client.MockWebServiceServerTestExecutionListener@bbdd87f, org.springframework.boot.test.mock.mockito.ResetMocksTestExecutionListener@95674]
15:30:53.946 [Test worker] DEBUG org.springframework.test.context.support.AbstractDirtiesContextTestExecutionListener - Before test class: context [DefaultTestContext@2b23ab69 testClass = ProductwebApplicationTests, testInstance = [null], testMethod = [null], testException = [null], mergedContextConfiguration = [WebMergedContextConfiguration@493dfc98 testClass = ProductwebApplicationTests, locations = '{}', classes = '{class org.generation.productweb.ProductwebApplication}', contextInitializerClasses = '[]', activeProfiles = '{}', propertySourceLocations = '{}', propertySourceProperties = '{org.springframework.boot.test.context.SpringBootTestContextBootstrapper=true}', contextCustomizers = set[org.springframework.boot.test.autoconfigure.actuate.metrics.MetricsExportContextCustomizerFactory$DisableMetricExportContextCustomizer@cacf19e, org.springframework.boot.test.autoconfigure.properties.PropertyMappingContextCustomizer@0, org.springframework.boot.test.autoconfigure.web.servlet.WebDriverContextCustomizerFactory$Customizer@434271dc, org.springframework.boot.test.context.filter.ExcludeFilterContextCustomizer@23f83d6c, org.springframework.boot.test.json.DuplicateJsonObjectContextCustomizerFactory$DuplicateJsonObjectContextCustomizer@6073e52e, org.springframework.boot.test.mock.mockito.MockitoContextCustomizer@0, org.springframework.boot.test.web.client.TestRestTemplateContextCustomizer@367c1104, org.springframework.boot.test.context.SpringBootTestArgs@1, org.springframework.boot.test.context.SpringBootTestWebEnvironment@789af106], resourceBasePath = 'src/main/webapp', contextLoader = 'org.springframework.boot.test.context.SpringBootContextLoader', parent = [null]], attributes = map['org.springframework.test.context.web.ServletTestExecutionListener.activateListener' -> true]], class annotated with @DirtiesContext [false] with mode [null].
15:30:53.983 [Test worker] DEBUG org.springframework.test.context.support.TestPropertySourceUtils - Adding inlined properties to environment: {spring.jmx.enabled=false, org.springframework.boot.test.context.SpringBootTestContextBootstrapper=true}

  .   ____          _            __ _ _
 /\\ / ___'_ __ _ _(_)_ __  __ _ \ \ \ \
( ( )\___ | '_ | '_| | '_ \/ _` | \ \ \ \
 \\/  ___)| |_)| | | | | || (_| |  ) ) ) )
  '  |____| .__|_| |_|_| |_\__, | / / / /
 =========|_|==============|___/=/_/_/_/
 :: Spring Boot ::                (v2.5.0)

2021-06-01 15:30:54.476  INFO 6167 --- [    Test worker] o.g.p.ProductwebApplicationTests         : Starting ProductwebApplicationTests using Java 16.0.1 on MacBookPros-MBP with PID 6167 (started by User in /Users/User/Desktop/productweb)
2021-06-01 15:30:54.481  INFO 6167 --- [    Test worker] o.g.p.ProductwebApplicationTests         : No active profile set, falling back to default profiles: default
2021-06-01 15:30:55.492  INFO 6167 --- [    Test worker] .s.d.r.c.RepositoryConfigurationDelegate : Bootstrapping Spring Data JPA repositories in DEFAULT mode.
2021-06-01 15:30:55.576  INFO 6167 --- [    Test worker] .s.d.r.c.RepositoryConfigurationDelegate : Finished Spring Data repository scanning in 73 ms. Found 1 JPA repository interfaces.
2021-06-01 15:30:56.250  INFO 6167 --- [    Test worker] com.zaxxer.hikari.HikariDataSource       : HikariPool-1 - Starting...
2021-06-01 15:31:00.486  INFO 6167 --- [    Test worker] com.zaxxer.hikari.HikariDataSource       : HikariPool-1 - Start completed.
2021-06-01 15:31:00.608  INFO 6167 --- [    Test worker] o.hibernate.jpa.internal.util.LogHelper  : HHH000204: Processing PersistenceUnitInfo [name: default]
2021-06-01 15:31:00.664  INFO 6167 --- [    Test worker] org.hibernate.Version                    : HHH000412: Hibernate ORM core version 5.4.31.Final
2021-06-01 15:31:00.819  INFO 6167 --- [    Test worker] o.hibernate.annotations.common.Version   : HCANN000001: Hibernate Commons Annotations {5.1.2.Final}
2021-06-01 15:31:00.972  INFO 6167 --- [    Test worker] org.hibernate.dialect.Dialect            : HHH000400: Using dialect: org.hibernate.dialect.MySQL55Dialect
2021-06-01 15:31:01.624  INFO 6167 --- [    Test worker] o.h.e.t.j.p.i.JtaPlatformInitiator       : HHH000490: Using JtaPlatform implementation: [org.hibernate.engine.transaction.jta.platform.internal.NoJtaPlatform]
2021-06-01 15:31:01.637  INFO 6167 --- [    Test worker] j.LocalContainerEntityManagerFactoryBean : Initialized JPA EntityManagerFactory for persistence unit 'default'
2021-06-01 15:31:02.254  WARN 6167 --- [    Test worker] JpaBaseConfiguration$JpaWebConfiguration : spring.jpa.open-in-view is enabled by default. Therefore, database queries may be performed during view rendering. Explicitly configure spring.jpa.open-in-view to disable this warning
2021-06-01 15:31:02.710  INFO 6167 --- [    Test worker] o.s.b.a.w.s.WelcomePageHandlerMapping    : Adding welcome page template: index
/Users/User/Desktop/productweb/productImages/images
/productImages/images/**
2021-06-01 15:31:03.092  INFO 6167 --- [    Test worker] o.g.p.ProductwebApplicationTests         : Started ProductwebApplicationTests in 9.097 seconds (JVM running for 10.795)
2021-06-01 15:31:03.093  INFO 6167 --- [    Test worker] o.s.b.a.ApplicationAvailabilityBean      : Application availability state LivenessState changed to CORRECT
2021-06-01 15:31:03.095  INFO 6167 --- [    Test worker] o.s.b.a.ApplicationAvailabilityBean      : Application availability state ReadinessState changed to ACCEPTING_TRAFFIC
]]></system-out>
  <system-err><![CDATA[]]></system-err>
</testsuite>
